\BOOKMARK [0][-]{section*.2}{\376\377\000I\000l\000l\000u\000s\000t\000r\000a\000t\000i\000o\000n\000s}{}% 1
\BOOKMARK [0][-]{chapter.1}{\376\377\000V\000e\000c\000t\000o\000r\000\040\000g\000r\000a\000p\000h\000i\000c\000s\000\040\000i\000n\000\040\000A\000t\000h\000e\000n\000s}{}% 2
\BOOKMARK [1][-]{section.1.1}{\376\377\000E\000x\000a\000m\000p\000l\000e}{chapter.1}% 3
\BOOKMARK [1][-]{section.1.2}{\376\377\000A\000t\000h\000e\000n\000s\000\040\000d\000e\000t\000a\000i\000l\000s}{chapter.1}% 4
\BOOKMARK [2][-]{section*.3}{\376\377\000P\000a\000i\000n\000t}{section.1.2}% 5
\BOOKMARK [2][-]{section*.4}{\376\377\000S\000t\000r\000o\000k\000e\000\040\000p\000a\000i\000n\000t\000\040\000\050\000a\000\040\000p\000e\000n\000\040\000t\000h\000a\000t\000\040\000g\000o\000e\000s\000\040\000a\000r\000o\000u\000n\000d\000\040\000t\000h\000e\000\040\000p\000a\000t\000h\000\051}{section.1.2}% 6
\BOOKMARK [2][-]{section*.5}{\376\377\000F\000i\000l\000l\000\040\000p\000a\000i\000n\000t\000\040\000\050\000a\000\040\000p\000a\000i\000n\000t\000\040\000t\000h\000a\000t\000\040\000f\000i\000l\000l\000\040\000t\000h\000e\000\040\000a\000r\000e\000a\000\040\000d\000e\000f\000i\000n\000e\000d\000\040\000b\000y\000\040\000t\000h\000e\000\040\000p\000a\000t\000h\000\051}{section.1.2}% 7
\BOOKMARK [1][-]{section.1.3}{\376\377\000P\000a\000t\000h}{chapter.1}% 8
\BOOKMARK [1][-]{section.1.4}{\376\377\000C\000o\000o\000r\000d\000i\000n\000a\000t\000e\000\040\000c\000l\000a\000s\000s\000:\000\040\000A\000b\000s\000o\000l\000u\000t\000e\000\040\000o\000r\000\040\000R\000e\000l\000a\000t\000i\000v\000e}{chapter.1}% 9
\BOOKMARK [2][-]{section*.6}{\376\377\000A\000b\000s\000o\000l\000u\000t\000e\000:\000\040\000a\000b\000s\000o\000l\000u\000t\000e\000\040\000c\000o\000o\000r\000d\000i\000n\000a\000t\000e\000\040\000f\000r\000o\000m\000\040\000s\000u\000r\000f\000a\000c\000e\000\040\000c\000o\000o\000r\000d\000i\000n\000a\000t\000e}{section.1.4}% 10
\BOOKMARK [2][-]{section*.7}{\376\377\000m\000o\000v\000i\000n\000g}{section.1.4}% 11
\BOOKMARK [2][-]{section*.8}{\376\377\000s\000t\000r\000a\000i\000g\000h\000t\000\040\000l\000i\000n\000e}{section.1.4}% 12
\BOOKMARK [2][-]{section*.9}{\376\377\000a\000r\000c\000s}{section.1.4}% 13
\BOOKMARK [2][-]{section*.10}{\376\377\000c\000u\000r\000v\000e\000s}{section.1.4}% 14
\BOOKMARK [2][-]{section*.11}{\376\377\000c\000u\000r\000v\000e\000V\000i\000a\000:\000\040\000t\000o\000:\000\040\000a\000n\000d\000\040\000|\000c\000u\000r\000v\000e\000V\000i\000a\000:\000\040\000a\000n\000d\000:\000\040\000t\000o}{section.1.4}% 15
\BOOKMARK [2][-]{section*.12}{\376\377\000C\000l\000o\000s\000e\000\040\000t\000h\000e\000\040\000p\000a\000t\000h}{section.1.4}% 16
\BOOKMARK [2][-]{section*.13}{\376\377\000P\000a\000t\000h\000\040\000t\000r\000a\000n\000s\000f\000o\000r\000m\000a\000t\000i\000o\000n}{section.1.4}% 17
\BOOKMARK [1][-]{section.1.5}{\376\377\000D\000r\000a\000w\000i\000n\000g}{chapter.1}% 18
\BOOKMARK [2][-]{section*.14}{\376\377\000d\000r\000a\000w\000i\000n\000g\000\040\000t\000e\000x\000t}{section.1.5}% 19
\BOOKMARK [2][-]{section*.15}{\376\377\000D\000r\000a\000w\000i\000n\000g\000\040\000u\000s\000i\000n\000g\000\040\000a\000\040\000m\000a\000s\000k}{section.1.5}% 20
\BOOKMARK [1][-]{section.1.6}{\376\377\000S\000o\000m\000e\000\040\000e\000x\000a\000m\000p\000l\000e}{chapter.1}% 21
\BOOKMARK [1][-]{section.1.7}{\376\377\000P\000r\000a\000c\000t\000i\000c\000i\000n\000g\000\040\000A\000t\000h\000e\000n\000s\000\040\000d\000r\000a\000w\000i\000n\000g}{chapter.1}% 22
\BOOKMARK [-1][-]{part.1}{\376\377\000B\000l\000o\000c\000\040\000\046\000\040\000B\000l\000E\000l\000e\000m\000e\000n\000t}{}% 23
\BOOKMARK [0][-]{chapter.2}{\376\377\000i\000n\000t\000r\000o\000d\000u\000c\000t\000i\000o\000n}{part.1}% 24
\BOOKMARK [1][-]{section.2.1}{\376\377\000E\000v\000o\000l\000u\000t\000i\000o\000n\000\040\000B\000e\000y\000o\000n\000d\000\040\000M\000o\000r\000p\000h\000i\000c}{chapter.2}% 25
\BOOKMARK [1][-]{section.2.2}{\376\377\000B\000l\000E\000l\000e\000m\000e\000n\000t\000:\000\040\000T\000h\000e\000\040\000F\000o\000u\000n\000d\000a\000t\000i\000o\000n\000\040\000o\000f\000\040\000B\000l\000o\000c\000\040\000C\000o\000m\000p\000o\000n\000e\000n\000t\000s}{chapter.2}% 26
\BOOKMARK [1][-]{section.2.3}{\376\377\000N\000a\000v\000i\000g\000a\000t\000i\000n\000g\000\040\000B\000l\000o\000c\000'\000s\000\040\000S\000p\000a\000t\000i\000a\000l\000\040\000L\000a\000n\000d\000s\000c\000a\000p\000e\000:\000\040\000B\000l\000U\000n\000i\000v\000e\000r\000s\000e\000\040\000a\000n\000d\000\040\000B\000l\000S\000p\000a\000c\000e}{chapter.2}% 27
\BOOKMARK [1][-]{section.2.4}{\376\377\000R\000e\000a\000d\000y\000\040\000t\000o\000\040\000B\000u\000i\000l\000d\000:\000\040\000C\000r\000e\000a\000t\000i\000n\000g\000\040\000Y\000o\000u\000r\000\040\000F\000i\000r\000s\000t\000\040\000B\000l\000o\000c\000\040\000C\000o\000m\000p\000o\000n\000e\000n\000t}{chapter.2}% 28
\BOOKMARK [0][-]{chapter.3}{\376\377\000e\000l\000e\000m\000e\000n\000t\000\040\000s\000h\000a\000p\000e\000\040\000\046\000\040\000c\000o\000l\000o\000r}{part.1}% 29
\BOOKMARK [1][-]{section.3.1}{\376\377\000g\000e\000o\000m\000e\000t\000r\000y\000\040\000o\000f\000\040\000B\000l\000E\000l\000e\000m\000e\000n\000t}{chapter.3}% 30
\BOOKMARK [1][-]{section.3.2}{\376\377\000e\000l\000e\000m\000e\000n\000t\000\040\000b\000o\000r\000d\000e\000r}{chapter.3}% 31
\BOOKMARK [1][-]{section.3.3}{\376\377\000e\000l\000e\000m\000e\000n\000t\000s\000\040\000b\000o\000u\000n\000d\000s\000\040\000a\000n\000d\000\040\000o\000u\000t\000s\000k\000i\000r\000t\000s}{chapter.3}% 32
\BOOKMARK [1][-]{section.3.4}{\376\377\000e\000l\000e\000m\000e\000n\000t\000\040\000b\000a\000c\000k\000g\000r\000o\000u\000n\000d}{chapter.3}% 33
\BOOKMARK [1][-]{section.3.5}{\376\377\000e\000l\000e\000m\000e\000n\000t\000\040\000e\000f\000f\000e\000c\000t}{chapter.3}% 34
\BOOKMARK [1][-]{section.3.6}{\376\377\000e\000l\000e\000m\000e\000n\000t\000\040\000o\000p\000a\000c\000i\000t\000y}{chapter.3}% 35
\BOOKMARK [0][-]{chapter.4}{\376\377\000e\000l\000e\000m\000e\000n\000t\000\040\000t\000r\000a\000n\000s\000f\000o\000r\000m\000a\000t\000i\000o\000n}{part.1}% 36
\BOOKMARK [0][-]{chapter.5}{\376\377\000B\000l\000o\000c\000\040\000s\000t\000y\000l\000e\000s}{part.1}% 37
\BOOKMARK [0][-]{chapter.6}{\376\377\000e\000l\000e\000m\000e\000n\000t\000\040\000c\000u\000s\000t\000o\000m\000\040\000P\000a\000i\000n\000t\000i\000n\000g}{part.1}% 38
\BOOKMARK [0][-]{chapter.7}{\376\377\000U\000I\000\040\000B\000u\000i\000l\000d\000i\000n\000g}{part.1}% 39
\BOOKMARK [0][-]{chapter*.17}{\376\377\000B\000i\000b\000l\000i\000o\000g\000r\000a\000p\000h\000y}{part.1}% 40
